Arguments: 
  /opt/homebrew/Cellar/node/17.0.1/bin/node /Users/aleksandr/.yarn/releases/yarn-1.22.17.cjs add g++

PATH: 
  /usr/local/bin:/usr/bin:/bin:/usr/sbin:/sbin:/Library/Apple/usr/bin:/opt/homebrew/bin:/opt/homebrew/sbin

Yarn version: 
  1.22.17

Node version: 
  17.0.1

Platform: 
  darwin arm64

Trace: 
  Error: https://registry.yarnpkg.com/g++: Not found
      at Request.params.callback [as _callback] (/Users/aleksandr/.yarn/releases/yarn-1.22.17.cjs:78557:18)
      at Request.self.callback (/Users/aleksandr/.yarn/releases/yarn-1.22.17.cjs:135288:22)
      at Request.emit (node:events:390:28)
      at Request.<anonymous> (/Users/aleksandr/.yarn/releases/yarn-1.22.17.cjs:136260:10)
      at Request.emit (node:events:390:28)
      at IncomingMessage.<anonymous> (/Users/aleksandr/.yarn/releases/yarn-1.22.17.cjs:136182:12)
      at Object.onceWrapper (node:events:509:28)
      at IncomingMessage.emit (node:events:402:35)
      at endReadableNT (node:internal/streams/readable:1340:12)
      at processTicksAndRejections (node:internal/process/task_queues:83:21)

npm manifest: 
  {
    "name": "lab",
    "version": "0.0.1",
    "private": true,
    "scripts": {
      "c": "g++ main.cpp point.cpp myMath.cpp -lstdc++ -g -o a.out",
      "test": "g++ tests.cpp weather.cpp myMath.cpp -lstdc++ -g -o a.out"
    }
  }

yarn manifest: 
  No manifest

Lockfile: 
  # THIS IS AN AUTOGENERATED FILE. DO NOT EDIT THIS FILE DIRECTLY.
  # yarn lockfile v1
